<?xml version="1.0" encoding="UTF-8"?>
<!-- Generated by org.testng.reporters.JUnitXMLReporter -->
<testsuite ignored="1" hostname="DESKTOP-QVFBK35" failures="1" tests="7" name="TestToRun" time="0.181" errors="0" timestamp="2024-06-18T07:54:00 IST">
  <testcase classname="testNGTutorial.NewTest" name="b" time="0.014"/>
  <testcase classname="testNGTutorial.testDemo" name="demo" time="0.0">
    <failure type="org.testng.TestNGException" message="
Parameter &amp;apos;roy&amp;apos; is required by @Test on method demo but has not been marked @Optional or defined
in E:\MyTestCases\MyTestCases\selenium\testng.xml">
      <![CDATA[org.testng.TestNGException: 
Parameter 'roy' is required by @Test on method demo but has not been marked @Optional or defined
in E:\MyTestCases\MyTestCases\selenium\testng.xml
at java.base/java.util.ArrayList.forEach(ArrayList.java:1511)
... Removed 26 stack frames]]>
    </failure>
  </testcase> <!-- demo -->
  <testcase classname="testNGTutorial.personalLoan" name="ApiLoginpersonalLoan" time="0.003"/>
  <testcase classname="testNGTutorial.personalLoan" name="mobileLoginpersonalLoan" time="0.004"/>
  <testcase classname="testNGTutorial.personalLoan" name="webLogInpersonalLoan" time="0.005"/>
  <testcase classname="testNGTutorial.personalLoan" name="webLogInpersonalLoan" time="0.004"/>
  <testcase classname="testNGTutorial.personalLoan" name="webLogInpersonalLoan" time="0.005"/>
  <testcase classname="testNGTutorial.NewTest" name="f" time="0.0">
    <ignored/>
  </testcase> <!-- f -->
</testsuite> <!-- TestToRun -->
